<?xml version="1.0" encoding="UTF-8"?>
<testng-results ignored="0" total="1" passed="1" failed="0" skipped="0">
  <reporter-output>
  </reporter-output>
  <suite started-at="2021-10-19T19:19:25 IST" name="Default suite" finished-at="2021-10-19T19:19:25 IST" duration-ms="206">
    <groups>
    </groups>
    <test started-at="2021-10-19T19:19:25 IST" name="Default test" finished-at="2021-10-19T19:19:25 IST" duration-ms="206">
      <class name="CreateTest">
        <test-method signature="createtest()[pri:0, instance:CreateTest@625732]" started-at="2021-10-19T19:19:25 IST" name="createtest" finished-at="2021-10-19T19:19:25 IST" duration-ms="32" status="PASS">
          <reporter-output>
          </reporter-output>
        </test-method> <!-- createtest -->
      </class> <!-- CreateTest -->
    </test> <!-- Default test -->
  </suite> <!-- Default suite -->
</testng-results>
